<?xml version="1.0" encoding="UTF-8"?>
<!-- Generated by org.testng.reporters.JUnitXMLReporter -->
<testsuite ignored="2" hostname="LAPTOP-EOTMC265" failures="0" tests="2" name="Test1" time="32.053" errors="0" timestamp="2025-01-24T09:24:28 IST">
  <testcase classname="test_repo.TC_002" name="leads_02" time="18.554"/>
  <testcase classname="test_repo.TC_006" name="contacts_003" time="19.405"/>
  <testcase classname="genaricutility.BaseClass" name="@AfterSuite dbConnectionClosed" time="0.0">
    <ignored/>
  </testcase> <!-- @AfterSuite dbConnectionClosed -->
  <testcase classname="genaricutility.BaseClass" name="@BeforeSuite dbConnection" time="0.0">
    <ignored/>
  </testcase> <!-- @BeforeSuite dbConnection -->
</testsuite> <!-- Test1 -->
