<?xml version="1.0" encoding="UTF-8"?>
<!-- Generated by org.testng.reporters.JUnitXMLReporter -->
<testsuite ignored="2" hostname="LAPTOP-EOTMC265" failures="0" tests="2" name="Test2" time="32.055" errors="0" timestamp="2025-01-24T09:25:01 IST">
  <testcase classname="test_repo.TC_004" name="contacts_001" time="17.621"/>
  <testcase classname="test_repo.TC_002" name="leads_02" time="17.555"/>
  <testcase classname="genaricutility.BaseClass" name="@AfterSuite dbConnectionClosed" time="0.0">
    <ignored/>
  </testcase> <!-- @AfterSuite dbConnectionClosed -->
  <testcase classname="genaricutility.BaseClass" name="@BeforeSuite dbConnection" time="0.0">
    <ignored/>
  </testcase> <!-- @BeforeSuite dbConnection -->
</testsuite> <!-- Test2 -->
