<?xml version="1.0" encoding="UTF-8"?>
<!-- Generated by org.testng.reporters.JUnitXMLReporter -->
<testsuite ignored="4" hostname="LAPTOP-EOTMC265" failures="0" tests="3" name="Test" time="106.64" errors="0" timestamp="2025-02-04T09:27:03 IST">
  <testcase classname="test_repo.TC_001" name="leads_001" time="34.49"/>
  <testcase classname="test_repo.TC_002" name="leads_02" time="14.26"/>
  <testcase classname="test_repo.TC_003" name="leads_03" time="14.323"/>
  <testcase classname="genaricutility.BaseClass" name="@AfterSuite dbConnectionClosed" time="0.0">
    <ignored/>
  </testcase> <!-- @AfterSuite dbConnectionClosed -->
  <testcase classname="genaricutility.BaseClass" name="@AfterSuite dbConnectionClosed" time="0.0">
    <ignored/>
  </testcase> <!-- @AfterSuite dbConnectionClosed -->
  <testcase classname="genaricutility.BaseClass" name="@BeforeSuite dbConnection" time="0.0">
    <ignored/>
  </testcase> <!-- @BeforeSuite dbConnection -->
  <testcase classname="genaricutility.BaseClass" name="@BeforeSuite dbConnection" time="0.0">
    <ignored/>
  </testcase> <!-- @BeforeSuite dbConnection -->
</testsuite> <!-- Test -->
