<?xml version="1.0" encoding="UTF-8"?>
<testng-results ignored="0" total="1" passed="1" failed="0" skipped="0">
  <reporter-output>
    <line>
      <![CDATA[leads_001listeners test started]]>
    </line>
    <line>
      <![CDATA[leads_001listeners test passed]]>
    </line>
  </reporter-output>
  <suite started-at="2025-02-11T12:11:24 IST" name="Default suite" finished-at="2025-02-11T12:13:35 IST" duration-ms="130949">
    <groups>
      <group name="regresion">
        <method signature="TC_001.leads_001()[pri:0, instance:test_repo.TC_001@77fbd92c]" name="leads_001" class="test_repo.TC_001"/>
      </group> <!-- regresion -->
    </groups>
    <test started-at="2025-02-11T12:11:24 IST" name="Default test" finished-at="2025-02-11T12:13:35 IST" duration-ms="130949">
      <class name="test_repo.TC_001">
        <test-method is-config="true" signature="dbConnection()[pri:0, instance:test_repo.TC_001@77fbd92c]" started-at="2025-02-11T12:11:24 IST" name="dbConnection" finished-at="2025-02-11T12:11:24 IST" duration-ms="15" status="PASS">
          <reporter-output>
          </reporter-output>
        </test-method> <!-- dbConnection -->
        <test-method is-config="true" signature="lanuchBrowser(java.lang.String)[pri:0, instance:test_repo.TC_001@77fbd92c]" started-at="2025-02-11T12:11:24 IST" name="lanuchBrowser" finished-at="2025-02-11T12:11:48 IST" duration-ms="23618" status="PASS">
          <params>
            <param index="0">
              <value>
                <![CDATA[browser]]>
              </value>
            </param>
          </params>
          <reporter-output>
          </reporter-output>
        </test-method> <!-- lanuchBrowser -->
        <test-method is-config="true" signature="loginOperation()[pri:0, instance:test_repo.TC_001@77fbd92c]" started-at="2025-02-11T12:11:48 IST" name="loginOperation" finished-at="2025-02-11T12:12:11 IST" duration-ms="22959" status="PASS">
          <reporter-output>
          </reporter-output>
        </test-method> <!-- loginOperation -->
        <test-method signature="leads_001()[pri:0, instance:test_repo.TC_001@77fbd92c]" started-at="2025-02-11T12:12:11 IST" name="leads_001" finished-at="2025-02-11T12:13:28 IST" duration-ms="77417" status="PASS">
          <reporter-output>
            <line>
              <![CDATA[leads_001listeners test started]]>
            </line>
            <line>
              <![CDATA[leads_001listeners test passed]]>
            </line>
          </reporter-output>
        </test-method> <!-- leads_001 -->
        <test-method is-config="true" signature="logoutOperation()[pri:0, instance:test_repo.TC_001@77fbd92c]" started-at="2025-02-11T12:13:29 IST" name="logoutOperation" finished-at="2025-02-11T12:13:34 IST" duration-ms="5804" status="PASS">
          <reporter-output>
          </reporter-output>
        </test-method> <!-- logoutOperation -->
        <test-method is-config="true" signature="closeBrowser()[pri:0, instance:test_repo.TC_001@77fbd92c]" started-at="2025-02-11T12:13:34 IST" name="closeBrowser" finished-at="2025-02-11T12:13:35 IST" duration-ms="683" status="PASS">
          <reporter-output>
          </reporter-output>
        </test-method> <!-- closeBrowser -->
        <test-method is-config="true" signature="dbConnectionClosed()[pri:0, instance:test_repo.TC_001@77fbd92c]" started-at="2025-02-11T12:13:36 IST" name="dbConnectionClosed" finished-at="2025-02-11T12:13:36 IST" duration-ms="4" status="PASS">
          <reporter-output>
          </reporter-output>
        </test-method> <!-- dbConnectionClosed -->
      </class> <!-- test_repo.TC_001 -->
    </test> <!-- Default test -->
  </suite> <!-- Default suite -->
</testng-results>
